Drill report for kicad.kicad_pcb
Created on dom 29 sep 2024 13:00:53

Copper Layer Stackup:
    =============================================================
    L1 :  F.Cu                      front
    L2 :  B.Cu                      back


Drill file 'kicad-PTH.drl' contains
    plated through holes:
    =============================================================
    T1  0,400mm  0,0157"  (5 holes)
    T2  0,800mm  0,0315"  (11 holes)
    T3  1,000mm  0,0394"  (44 holes)
    T4  1,020mm  0,0402"  (30 holes)
    T5  2,500mm  0,0984"  (4 holes)
    T6  4,500mm  0,1772"  (6 holes)

    Total plated holes count 100


Drill file 'kicad-NPTH.drl' contains
    unplated through holes:
    =============================================================

    Total unplated holes count 0
